Mon Mar  2 19:03:12 GMT 2026: Watchdog started
Mon Mar  2 19:08:42 GMT 2026: Dashboard not running, restarting...
Dashboard restarted at Mon Mar  2 19:08:42 GMT 2026
Mon Mar  2 19:08:42 GMT 2026: Dashboard not responding, killing and restarting...
Mon Mar  2 19:53:47 GMT 2026: Dashboard not running, restarting...
Dashboard restarted at Mon Mar  2 19:53:47 GMT 2026
Mon Mar  2 19:53:47 GMT 2026: Dashboard not responding, killing and restarting...
Mon Mar  2 20:01:50 GMT 2026: Dashboard not running, restarting...
Dashboard restarted at Mon Mar  2 20:01:50 GMT 2026
Mon Mar  2 20:01:50 GMT 2026: Dashboard not responding, killing and restarting...
Mon Mar  2 20:04:22 GMT 2026: Dashboard not running, restarting...
Dashboard restarted at Mon Mar  2 20:04:22 GMT 2026
Mon Mar  2 20:04:22 GMT 2026: Dashboard not responding, killing and restarting...
[Tue Mar  3 06:50:50 GMT 2026] Watchdog check starting...
[Tue Mar  3 06:50:50 GMT 2026] Base dashboard not responding, restarting...
[Tue Mar  3 06:50:52 GMT 2026] Base dashboard restarted (PID: 314733)
[Tue Mar  3 06:50:52 GMT 2026] Comparison dashboard not responding, restarting...
[Tue Mar  3 06:50:55 GMT 2026] Comparison dashboard restarted (PID: 314757)
[Tue Mar  3 06:50:55 GMT 2026] Watchdog check complete.
[Wed Mar  4 04:00:07 GMT 2026] Watchdog check starting...
[Wed Mar  4 04:00:07 GMT 2026] Base dashboard not responding, restarting...
[Wed Mar  4 04:00:09 GMT 2026] Base dashboard restarted (PID: 1002779)
[Wed Mar  4 04:00:09 GMT 2026] Watchdog check complete.
[Wed Mar  4 04:15:03 GMT 2026] Watchdog check starting...
[Wed Mar  4 04:15:03 GMT 2026] Base dashboard not responding, restarting...
[Wed Mar  4 04:15:06 GMT 2026] Base dashboard restarted (PID: 1010869)
[Wed Mar  4 04:15:06 GMT 2026] Watchdog check complete.
[Wed Mar  4 04:30:02 GMT 2026] Watchdog check starting...
[Wed Mar  4 04:30:02 GMT 2026] Base dashboard not responding, restarting...
[Wed Mar  4 04:30:04 GMT 2026] Base dashboard restarted (PID: 1018987)
[Wed Mar  4 04:30:05 GMT 2026] Watchdog check complete.
[Wed Mar  4 04:45:03 GMT 2026] Watchdog check starting...
[Wed Mar  4 04:45:03 GMT 2026] Base dashboard not responding, restarting...
[Wed Mar  4 04:45:05 GMT 2026] Base dashboard restarted (PID: 1027054)
[Wed Mar  4 04:45:05 GMT 2026] Watchdog check complete.
[Wed Mar  4 05:00:04 GMT 2026] Watchdog check starting...
[Wed Mar  4 05:00:04 GMT 2026] Base dashboard not responding, restarting...
[Wed Mar  4 05:00:06 GMT 2026] Base dashboard restarted (PID: 1035333)
[Wed Mar  4 05:00:06 GMT 2026] Watchdog check complete.
[Wed Mar  4 05:15:03 GMT 2026] Watchdog check starting...
[Wed Mar  4 05:15:03 GMT 2026] Base dashboard not responding, restarting...
[Wed Mar  4 05:15:05 GMT 2026] Base dashboard restarted (PID: 1043493)
[Wed Mar  4 05:15:05 GMT 2026] Watchdog check complete.
[Wed Mar  4 05:30:03 GMT 2026] Watchdog check starting...
[Wed Mar  4 05:30:03 GMT 2026] Base dashboard not responding, restarting...
[Wed Mar  4 05:30:05 GMT 2026] Base dashboard restarted (PID: 1051469)
[Wed Mar  4 05:30:05 GMT 2026] Watchdog check complete.
[Wed Mar  4 05:45:04 GMT 2026] Watchdog check starting...
[Wed Mar  4 05:45:04 GMT 2026] Base dashboard not responding, restarting...
[Wed Mar  4 05:45:06 GMT 2026] Base dashboard restarted (PID: 1059653)
[Wed Mar  4 05:45:06 GMT 2026] Watchdog check complete.
[Wed Mar  4 06:01:56 GMT 2026] Watchdog check starting...
[Wed Mar  4 06:01:56 GMT 2026] Base dashboard not responding, restarting...
[Wed Mar  4 06:01:58 GMT 2026] Base dashboard restarted (PID: 1068600)
[Wed Mar  4 06:01:58 GMT 2026] Watchdog check complete.
[Wed Mar  4 06:15:06 GMT 2026] Watchdog check starting...
[Wed Mar  4 06:15:06 GMT 2026] Base dashboard not responding, restarting...
[Wed Mar  4 06:15:08 GMT 2026] Base dashboard restarted (PID: 1075836)
[Wed Mar  4 06:15:08 GMT 2026] Watchdog check complete.
[Wed Mar  4 06:30:18 GMT 2026] Watchdog check starting...
[Wed Mar  4 06:30:18 GMT 2026] Base dashboard not responding, restarting...
[Wed Mar  4 06:30:20 GMT 2026] Base dashboard restarted (PID: 1083998)
[Wed Mar  4 06:30:20 GMT 2026] Watchdog check complete.
[Wed Mar  4 07:15:13 GMT 2026] Watchdog check starting...
[Wed Mar  4 07:15:13 GMT 2026] Base dashboard not responding, restarting...
[Wed Mar  4 07:15:15 GMT 2026] Base dashboard restarted (PID: 1108332)
[Wed Mar  4 07:15:15 GMT 2026] Watchdog check complete.
[Wed Mar  4 07:30:10 GMT 2026] Watchdog check starting...
[Wed Mar  4 07:30:10 GMT 2026] Base dashboard not responding, restarting...
[Wed Mar  4 07:30:12 GMT 2026] Base dashboard restarted (PID: 1116366)
[Wed Mar  4 07:30:12 GMT 2026] Watchdog check complete.
[Wed Mar  4 07:45:05 GMT 2026] Watchdog check starting...
[Wed Mar  4 07:45:05 GMT 2026] Base dashboard not responding, restarting...
[Wed Mar  4 07:45:08 GMT 2026] Base dashboard restarted (PID: 1124433)
[Wed Mar  4 07:45:08 GMT 2026] Watchdog check complete.
[Wed Mar  4 08:01:27 GMT 2026] Watchdog check starting...
[Wed Mar  4 08:01:27 GMT 2026] Base dashboard not responding, restarting...
[Wed Mar  4 08:01:29 GMT 2026] Base dashboard restarted (PID: 1133282)
[Wed Mar  4 08:01:29 GMT 2026] Watchdog check complete.
[Wed Mar  4 09:00:32 GMT 2026] Watchdog check starting...
[Wed Mar  4 09:00:32 GMT 2026] Base dashboard not responding, restarting...
[Wed Mar  4 09:00:34 GMT 2026] Base dashboard restarted (PID: 1165654)
[Wed Mar  4 09:00:34 GMT 2026] Watchdog check complete.
[Wed Mar  4 10:02:15 GMT 2026] Watchdog check starting...
[Wed Mar  4 10:02:15 GMT 2026] Base dashboard not responding, restarting...
[Wed Mar  4 10:02:17 GMT 2026] Base dashboard restarted (PID: 1198981)
[Wed Mar  4 10:02:17 GMT 2026] Watchdog check complete.
[Wed Mar  4 11:00:07 GMT 2026] Watchdog check starting...
[Wed Mar  4 11:00:07 GMT 2026] Base dashboard not responding, restarting...
[Wed Mar  4 11:00:09 GMT 2026] Base dashboard restarted (PID: 1230042)
[Wed Mar  4 11:00:09 GMT 2026] Watchdog check complete.
[Wed Mar  4 12:00:14 GMT 2026] Watchdog check starting...
[Wed Mar  4 12:00:14 GMT 2026] Base dashboard not responding, restarting...
[Wed Mar  4 12:00:16 GMT 2026] Base dashboard restarted (PID: 1262238)
[Wed Mar  4 12:00:16 GMT 2026] Watchdog check complete.
[Wed Mar  4 13:00:09 GMT 2026] Watchdog check starting...
[Wed Mar  4 13:00:09 GMT 2026] Base dashboard not responding, restarting...
[Wed Mar  4 13:00:11 GMT 2026] Base dashboard restarted (PID: 1294475)
[Wed Mar  4 13:00:11 GMT 2026] Watchdog check complete.
[Wed Mar  4 14:00:44 GMT 2026] Watchdog check starting...
[Wed Mar  4 14:00:44 GMT 2026] Base dashboard not responding, restarting...
[Wed Mar  4 14:00:46 GMT 2026] Base dashboard restarted (PID: 1327183)
[Wed Mar  4 14:00:46 GMT 2026] Watchdog check complete.
[Wed Mar  4 15:00:06 GMT 2026] Watchdog check starting...
[Wed Mar  4 15:00:06 GMT 2026] Base dashboard not responding, restarting...
[Wed Mar  4 15:00:08 GMT 2026] Base dashboard restarted (PID: 1359120)
[Wed Mar  4 15:00:08 GMT 2026] Watchdog check complete.
[Wed Mar  4 16:00:11 GMT 2026] Watchdog check starting...
[Wed Mar  4 16:00:11 GMT 2026] Base dashboard not responding, restarting...
[Wed Mar  4 16:00:13 GMT 2026] Base dashboard restarted (PID: 1391361)
[Wed Mar  4 16:00:13 GMT 2026] Watchdog check complete.
[Wed Mar  4 17:00:03 GMT 2026] Watchdog check starting...
[Wed Mar  4 17:00:03 GMT 2026] Base dashboard not responding, restarting...
[Wed Mar  4 17:00:05 GMT 2026] Base dashboard restarted (PID: 1423572)
[Wed Mar  4 17:00:05 GMT 2026] Watchdog check complete.
[Wed Mar  4 18:03:42 GMT 2026] Watchdog check starting...
[Wed Mar  4 18:03:42 GMT 2026] Base dashboard not responding, restarting...
[Wed Mar  4 18:03:44 GMT 2026] Base dashboard restarted (PID: 1459757)
[Wed Mar  4 18:03:44 GMT 2026] Watchdog check complete.
[Wed Mar  4 18:33:34 GMT 2026] Watchdog check starting...
[Wed Mar  4 18:33:34 GMT 2026] Base dashboard not responding, restarting...
[Wed Mar  4 18:33:36 GMT 2026] Base dashboard restarted (PID: 1477098)
[Wed Mar  4 18:33:36 GMT 2026] Watchdog check complete.
[Wed Mar  4 19:04:07 GMT 2026] Watchdog check starting...
[Wed Mar  4 19:04:07 GMT 2026] Base dashboard not responding, restarting...
[Wed Mar  4 19:04:09 GMT 2026] Base dashboard restarted (PID: 1497316)
[Wed Mar  4 19:04:09 GMT 2026] Watchdog check complete.
[Wed Mar  4 20:00:05 GMT 2026] Watchdog check starting...
[Wed Mar  4 20:00:05 GMT 2026] Base dashboard not responding, restarting...
[Wed Mar  4 20:00:07 GMT 2026] Base dashboard restarted (PID: 1527686)
[Wed Mar  4 20:00:07 GMT 2026] Watchdog check complete.
[Wed Mar  4 23:04:50 GMT 2026] Watchdog check starting...
[Wed Mar  4 23:04:50 GMT 2026] Solana dashboard not responding, restarting...
[Wed Mar  4 23:04:52 GMT 2026] Solana dashboard restarted (PID: 2321)
[Wed Mar  4 23:04:52 GMT 2026] Base dashboard not responding, restarting...
[Wed Mar  4 23:04:54 GMT 2026] Base dashboard restarted (PID: 2329)
[Wed Mar  4 23:04:54 GMT 2026] Comparison dashboard not responding, restarting...
[Wed Mar  4 23:04:56 GMT 2026] Comparison dashboard restarted (PID: 2339)
[Wed Mar  4 23:04:56 GMT 2026] Watchdog check complete.
[Thu Mar  5 00:00:16 GMT 2026] Watchdog check starting...
[Thu Mar  5 00:00:16 GMT 2026] Solana dashboard not responding, restarting...
[Thu Mar  5 00:00:18 GMT 2026] Solana dashboard restarted (PID: 30729)
[Thu Mar  5 00:00:18 GMT 2026] Base dashboard not responding, restarting...
[Thu Mar  5 00:00:20 GMT 2026] Base dashboard restarted (PID: 30753)
[Thu Mar  5 00:00:20 GMT 2026] Comparison dashboard not responding, restarting...
[Thu Mar  5 00:00:22 GMT 2026] Comparison dashboard restarted (PID: 30775)
[Thu Mar  5 00:00:22 GMT 2026] Watchdog check complete.
[Thu Mar  5 01:02:45 GMT 2026] Watchdog check starting...
[Thu Mar  5 01:02:45 GMT 2026] Base dashboard not responding, restarting...
[Thu Mar  5 01:02:47 GMT 2026] Base dashboard restarted (PID: 62483)
[Thu Mar  5 01:02:47 GMT 2026] Watchdog check complete.
[Thu Mar  5 02:03:57 GMT 2026] Watchdog check starting...
[Thu Mar  5 02:03:57 GMT 2026] Base dashboard not responding, restarting...
[Thu Mar  5 02:03:59 GMT 2026] Base dashboard restarted (PID: 93580)
[Thu Mar  5 02:03:59 GMT 2026] Watchdog check complete.
[Thu Mar  5 03:03:17 GMT 2026] Watchdog check starting...
[Thu Mar  5 03:03:17 GMT 2026] Base dashboard not responding, restarting...
[Thu Mar  5 03:03:19 GMT 2026] Base dashboard restarted (PID: 123754)
[Thu Mar  5 03:03:19 GMT 2026] Watchdog check complete.
[Thu Mar  5 04:02:32 GMT 2026] Watchdog check starting...
[Thu Mar  5 04:02:32 GMT 2026] Base dashboard not responding, restarting...
[Thu Mar  5 04:02:34 GMT 2026] Base dashboard restarted (PID: 153958)
[Thu Mar  5 04:02:34 GMT 2026] Watchdog check complete.
[Thu Mar  5 05:02:21 GMT 2026] Watchdog check starting...
[Thu Mar  5 05:02:21 GMT 2026] Base dashboard not responding, restarting...
[Thu Mar  5 05:02:23 GMT 2026] Base dashboard restarted (PID: 184374)
[Thu Mar  5 05:02:23 GMT 2026] Watchdog check complete.
[Thu Mar  5 06:03:54 GMT 2026] Watchdog check starting...
[Thu Mar  5 06:03:54 GMT 2026] Base dashboard not responding, restarting...
[Thu Mar  5 06:03:56 GMT 2026] Base dashboard restarted (PID: 215639)
[Thu Mar  5 06:03:56 GMT 2026] Watchdog check complete.
[Thu Mar  5 06:57:52 GMT 2026] Watchdog check starting...
[Thu Mar  5 06:57:52 GMT 2026] Watchdog check complete.
[Thu Mar  5 07:03:05 GMT 2026] Watchdog check starting...
[Thu Mar  5 07:03:05 GMT 2026] Watchdog check complete.
[Thu Mar  5 08:08:45 GMT 2026] Watchdog check starting...
[Thu Mar  5 08:08:45 GMT 2026] Watchdog check complete.
[Thu Mar  5 09:06:20 GMT 2026] Watchdog check starting...
[Thu Mar  5 09:06:20 GMT 2026] Watchdog check complete.
[Thu Mar  5 10:04:29 GMT 2026] Watchdog check starting...
[Thu Mar  5 10:04:29 GMT 2026] Watchdog check complete.
[Thu Mar  5 11:02:46 GMT 2026] Watchdog check starting...
[Thu Mar  5 11:02:46 GMT 2026] Watchdog check complete.
[Thu Mar  5 12:03:24 GMT 2026] Watchdog check starting...
[Thu Mar  5 12:03:24 GMT 2026] Watchdog check complete.
[Thu Mar  5 13:03:05 GMT 2026] Watchdog check starting...
[Thu Mar  5 13:03:05 GMT 2026] Watchdog check complete.
[Thu Mar  5 18:03:08 GMT 2026] Watchdog check starting...
[Thu Mar  5 18:03:08 GMT 2026] Watchdog check complete.
[Fri Mar  6 00:03:26 GMT 2026] Watchdog check starting...
[Fri Mar  6 00:03:26 GMT 2026] Watchdog check complete.
[Fri Mar  6 07:01:25 GMT 2026] Watchdog check starting...
[Fri Mar  6 07:01:26 GMT 2026] Watchdog check complete.
[Fri Mar  6 12:04:42 GMT 2026] Watchdog check starting...
[Fri Mar  6 12:04:42 GMT 2026] Watchdog check complete.
[Mon Mar  9 07:16:03 GMT 2026] Watchdog check starting...
[Mon Mar  9 07:16:03 GMT 2026] Watchdog check complete.
[Mon Mar  9 07:29:01 GMT 2026] Watchdog check starting...
[Mon Mar  9 07:29:01 GMT 2026] Watchdog check complete.
